<?xml version="1.0" encoding="UTF-8"?>
<robot generator="Robot 3.2.1 (Python 3.8.5 on win32)" generated="20201013 19:15:01.284" rpa="false">
<suite id="s1" name="keywordTestSuite4" source="C:\Users\lahna\robootframework\RessourceProjet\TestCases\keywordTestSuite4.robot">
<test id="s1-t1" name="CT_001">
<kw name="start key word and maximize" library="Ressources4" type="setup">
<kw name="Open Browser" library="SeleniumLibrary">
<doc>Opens a new browser instance to the optional ``url``.</doc>
<arguments>
<arg>${url}</arg>
<arg>${browser}</arg>
</arguments>
<msg timestamp="20201013 19:15:01.666" level="INFO">Opening browser 'gc' to base url 'https://opensource-demo.orangehrmlive.com/'.</msg>
<status status="PASS" starttime="20201013 19:15:01.666" endtime="20201013 19:15:06.122"></status>
</kw>
<kw name="Maximize Browser Window" library="SeleniumLibrary">
<doc>Maximizes current browser window.</doc>
<status status="PASS" starttime="20201013 19:15:06.122" endtime="20201013 19:15:08.243"></status>
</kw>
<status status="PASS" starttime="20201013 19:15:01.665" endtime="20201013 19:15:08.243"></status>
</kw>
<kw name="Input Text" library="SeleniumLibrary">
<doc>Types the given ``text`` into the text field identified by ``locator``.</doc>
<arguments>
<arg>id=txtUsername</arg>
<arg>Admin</arg>
</arguments>
<msg timestamp="20201013 19:15:08.244" level="INFO">Typing text 'Admin' into text field 'id=txtUsername'.</msg>
<status status="PASS" starttime="20201013 19:15:08.244" endtime="20201013 19:15:08.404"></status>
</kw>
<kw name="Input Password" library="SeleniumLibrary">
<doc>Types the given password into the text field identified by ``locator``.</doc>
<arguments>
<arg>id=txtPassword</arg>
<arg>admin123</arg>
</arguments>
<msg timestamp="20201013 19:15:08.405" level="INFO">Typing password into text field 'id=txtPassword'.</msg>
<msg timestamp="20201013 19:15:08.461" level="INFO">Temporally setting log level to: NONE</msg>
<msg timestamp="20201013 19:15:08.546" level="INFO">Log level changed from NONE to INFO.</msg>
<status status="PASS" starttime="20201013 19:15:08.405" endtime="20201013 19:15:08.547"></status>
</kw>
<kw name="Click Button" library="SeleniumLibrary">
<doc>Clicks the button identified by ``locator``.</doc>
<arguments>
<arg>id=btnLogin</arg>
</arguments>
<msg timestamp="20201013 19:15:08.548" level="INFO">Clicking button 'id=btnLogin'.</msg>
<status status="PASS" starttime="20201013 19:15:08.548" endtime="20201013 19:15:11.230"></status>
</kw>
<kw name="get title and close browser" library="Ressources4" type="teardown">
<kw name="Get Title" library="SeleniumLibrary">
<doc>Returns the title of the current page.</doc>
<assign>
<var>${title}</var>
</assign>
<msg timestamp="20201013 19:15:11.239" level="INFO">${title} = OrangeHRM</msg>
<status status="PASS" starttime="20201013 19:15:11.232" endtime="20201013 19:15:11.239"></status>
</kw>
<kw name="Log To Console" library="BuiltIn">
<doc>Logs the given message to the console.</doc>
<arguments>
<arg>${title}</arg>
</arguments>
<status status="PASS" starttime="20201013 19:15:11.239" endtime="20201013 19:15:11.240"></status>
</kw>
<kw name="Close Browser" library="SeleniumLibrary">
<doc>Closes the current browser.</doc>
<status status="PASS" starttime="20201013 19:15:11.241" endtime="20201013 19:15:13.470"></status>
</kw>
<status status="PASS" starttime="20201013 19:15:11.231" endtime="20201013 19:15:13.471"></status>
</kw>
<status status="PASS" starttime="20201013 19:15:01.664" endtime="20201013 19:15:13.472" critical="yes"></status>
</test>
<test id="s1-t2" name="CT_002">
<kw name="start key word and maximize" library="Ressources4" type="setup">
<kw name="Open Browser" library="SeleniumLibrary">
<doc>Opens a new browser instance to the optional ``url``.</doc>
<arguments>
<arg>${url}</arg>
<arg>${browser}</arg>
</arguments>
<msg timestamp="20201013 19:15:13.483" level="INFO">Opening browser 'gc' to base url 'https://opensource-demo.orangehrmlive.com/'.</msg>
<status status="PASS" starttime="20201013 19:15:13.481" endtime="20201013 19:15:17.775"></status>
</kw>
<kw name="Maximize Browser Window" library="SeleniumLibrary">
<doc>Maximizes current browser window.</doc>
<status status="PASS" starttime="20201013 19:15:17.775" endtime="20201013 19:15:19.899"></status>
</kw>
<status status="PASS" starttime="20201013 19:15:13.480" endtime="20201013 19:15:19.899"></status>
</kw>
<kw name="Input Text" library="SeleniumLibrary">
<doc>Types the given ``text`` into the text field identified by ``locator``.</doc>
<arguments>
<arg>id=txtUsername</arg>
<arg>Admin</arg>
</arguments>
<msg timestamp="20201013 19:15:19.900" level="INFO">Typing text 'Admin' into text field 'id=txtUsername'.</msg>
<status status="PASS" starttime="20201013 19:15:19.900" endtime="20201013 19:15:20.050"></status>
</kw>
<kw name="Input Password" library="SeleniumLibrary">
<doc>Types the given password into the text field identified by ``locator``.</doc>
<arguments>
<arg>id=txtPassword</arg>
<arg>admin123</arg>
</arguments>
<msg timestamp="20201013 19:15:20.051" level="INFO">Typing password into text field 'id=txtPassword'.</msg>
<msg timestamp="20201013 19:15:20.122" level="INFO">Temporally setting log level to: NONE</msg>
<msg timestamp="20201013 19:15:20.210" level="INFO">Log level changed from NONE to INFO.</msg>
<status status="PASS" starttime="20201013 19:15:20.050" endtime="20201013 19:15:20.211"></status>
</kw>
<kw name="Click Button" library="SeleniumLibrary">
<doc>Clicks the button identified by ``locator``.</doc>
<arguments>
<arg>id=btnLogin</arg>
</arguments>
<msg timestamp="20201013 19:15:20.212" level="INFO">Clicking button 'id=btnLogin'.</msg>
<status status="PASS" starttime="20201013 19:15:20.212" endtime="20201013 19:15:22.308"></status>
</kw>
<kw name="Sleep" library="BuiltIn">
<doc>Pauses the test executed for the given time.</doc>
<arguments>
<arg>3s</arg>
</arguments>
<msg timestamp="20201013 19:15:25.315" level="INFO">Slept 3 seconds</msg>
<status status="PASS" starttime="20201013 19:15:22.312" endtime="20201013 19:15:25.315"></status>
</kw>
<kw name="Page Should Contain" library="SeleniumLibrary">
<doc>Verifies that current page contains ``text``.</doc>
<arguments>
<arg>Dashboard</arg>
</arguments>
<msg timestamp="20201013 19:15:25.357" level="INFO">Current page contains text 'Dashboard'.</msg>
<status status="PASS" starttime="20201013 19:15:25.316" endtime="20201013 19:15:25.357"></status>
</kw>
<kw name="get title and close browser" library="Ressources4" type="teardown">
<kw name="Get Title" library="SeleniumLibrary">
<doc>Returns the title of the current page.</doc>
<assign>
<var>${title}</var>
</assign>
<msg timestamp="20201013 19:15:25.366" level="INFO">${title} = OrangeHRM</msg>
<status status="PASS" starttime="20201013 19:15:25.358" endtime="20201013 19:15:25.366"></status>
</kw>
<kw name="Log To Console" library="BuiltIn">
<doc>Logs the given message to the console.</doc>
<arguments>
<arg>${title}</arg>
</arguments>
<status status="PASS" starttime="20201013 19:15:25.366" endtime="20201013 19:15:25.367"></status>
</kw>
<kw name="Close Browser" library="SeleniumLibrary">
<doc>Closes the current browser.</doc>
<status status="PASS" starttime="20201013 19:15:25.367" endtime="20201013 19:15:27.535"></status>
</kw>
<status status="PASS" starttime="20201013 19:15:25.358" endtime="20201013 19:15:27.538"></status>
</kw>
<status status="PASS" starttime="20201013 19:15:13.477" endtime="20201013 19:15:27.540" critical="yes"></status>
</test>
<status status="PASS" starttime="20201013 19:15:01.287" endtime="20201013 19:15:27.553"></status>
</suite>
<statistics>
<total>
<stat pass="2" fail="0">Critical Tests</stat>
<stat pass="2" fail="0">All Tests</stat>
</total>
<tag>
</tag>
<suite>
<stat pass="2" fail="0" id="s1" name="keywordTestSuite4">keywordTestSuite4</stat>
</suite>
</statistics>
<errors>
</errors>
</robot>
